Determining if the pthread_create exist failed with the following output:
Change Dir: /home/leather/lxdata/leather_repertory/leather_tests/opencv_test/line_feature_detect/build/CMakeFiles/CMakeTmp

Run Build Command:"/usr/bin/make" "cmTC_f048c/fast"
/usr/bin/make -f CMakeFiles/cmTC_f048c.dir/build.make CMakeFiles/cmTC_f048c.dir/build
make[1]: 正在进入目录 `/home/leather/lxdata/leather_repertory/leather_tests/opencv_test/line_feature_detect/build/CMakeFiles/CMakeTmp'
Building C object CMakeFiles/cmTC_f048c.dir/CheckSymbolExists.c.o
/usr/bin/cc   -Wall  -O3 -march=native     -o CMakeFiles/cmTC_f048c.dir/CheckSymbolExists.c.o   -c /home/leather/lxdata/leather_repertory/leather_tests/opencv_test/line_feature_detect/build/CMakeFiles/CMakeTmp/CheckSymbolExists.c
Linking C executable cmTC_f048c
/usr/local/bin/cmake -E cmake_link_script CMakeFiles/cmTC_f048c.dir/link.txt --verbose=1
/usr/bin/cc   -Wall  -O3 -march=native      -rdynamic CMakeFiles/cmTC_f048c.dir/CheckSymbolExists.c.o  -o cmTC_f048c 
CMakeFiles/cmTC_f048c.dir/CheckSymbolExists.c.o：在函数‘main’中：
CheckSymbolExists.c:(.text.startup+0x6)：对‘pthread_create’未定义的引用
collect2: error: ld returned 1 exit status
make[1]: *** [cmTC_f048c] 错误 1
make[1]:正在离开目录 `/home/leather/lxdata/leather_repertory/leather_tests/opencv_test/line_feature_detect/build/CMakeFiles/CMakeTmp'
make: *** [cmTC_f048c/fast] 错误 2

File /home/leather/lxdata/leather_repertory/leather_tests/opencv_test/line_feature_detect/build/CMakeFiles/CMakeTmp/CheckSymbolExists.c:
/* */
#include <pthread.h>

int main(int argc, char** argv)
{
  (void)argv;
#ifndef pthread_create
  return ((int*)(&pthread_create))[argc];
#else
  (void)argc;
  return 0;
#endif
}

Determining if the function pthread_create exists in the pthreads failed with the following output:
Change Dir: /home/leather/lxdata/leather_repertory/leather_tests/opencv_test/line_feature_detect/build/CMakeFiles/CMakeTmp

Run Build Command:"/usr/bin/make" "cmTC_20761/fast"
/usr/bin/make -f CMakeFiles/cmTC_20761.dir/build.make CMakeFiles/cmTC_20761.dir/build
make[1]: 正在进入目录 `/home/leather/lxdata/leather_repertory/leather_tests/opencv_test/line_feature_detect/build/CMakeFiles/CMakeTmp'
Building C object CMakeFiles/cmTC_20761.dir/CheckFunctionExists.c.o
/usr/bin/cc   -Wall  -O3 -march=native  -DCHECK_FUNCTION_EXISTS=pthread_create   -o CMakeFiles/cmTC_20761.dir/CheckFunctionExists.c.o   -c /usr/local/share/cmake-3.13/Modules/CheckFunctionExists.c
Linking C executable cmTC_20761
/usr/local/bin/cmake -E cmake_link_script CMakeFiles/cmTC_20761.dir/link.txt --verbose=1
/usr/bin/cc   -Wall  -O3 -march=native  -DCHECK_FUNCTION_EXISTS=pthread_create    -rdynamic CMakeFiles/cmTC_20761.dir/CheckFunctionExists.c.o  -o cmTC_20761 -lpthreads 
/usr/bin/ld: 找不到 -lpthreads
collect2: error: ld returned 1 exit status
make[1]: *** [cmTC_20761] 错误 1
make[1]:正在离开目录 `/home/leather/lxdata/leather_repertory/leather_tests/opencv_test/line_feature_detect/build/CMakeFiles/CMakeTmp'
make: *** [cmTC_20761/fast] 错误 2


