Determining if the pthread_create exist failed with the following output:
Change Dir: /home/leather/leather_repertory/leather_tests/opencv_test/cuda_orb/build/CMakeFiles/CMakeTmp

Run Build Command:"/usr/bin/make" "cmTC_e2576/fast"
/usr/bin/make -f CMakeFiles/cmTC_e2576.dir/build.make CMakeFiles/cmTC_e2576.dir/build
make[1]: 正在进入目录 `/home/leather/leather_repertory/leather_tests/opencv_test/cuda_orb/build/CMakeFiles/CMakeTmp'
Building C object CMakeFiles/cmTC_e2576.dir/CheckSymbolExists.c.o
/usr/bin/cc    -fPIC    -o CMakeFiles/cmTC_e2576.dir/CheckSymbolExists.c.o   -c /home/leather/leather_repertory/leather_tests/opencv_test/cuda_orb/build/CMakeFiles/CMakeTmp/CheckSymbolExists.c
Linking C executable cmTC_e2576
/usr/local/bin/cmake -E cmake_link_script CMakeFiles/cmTC_e2576.dir/link.txt --verbose=1
/usr/bin/cc  -fPIC     CMakeFiles/cmTC_e2576.dir/CheckSymbolExists.c.o  -o cmTC_e2576 -rdynamic 
CMakeFiles/cmTC_e2576.dir/CheckSymbolExists.c.o：在函数‘main’中：
CheckSymbolExists.c:(.text+0x1b)：对‘pthread_create’未定义的引用
collect2: error: ld returned 1 exit status
make[1]: *** [cmTC_e2576] 错误 1
make[1]:正在离开目录 `/home/leather/leather_repertory/leather_tests/opencv_test/cuda_orb/build/CMakeFiles/CMakeTmp'
make: *** [cmTC_e2576/fast] 错误 2

File /home/leather/leather_repertory/leather_tests/opencv_test/cuda_orb/build/CMakeFiles/CMakeTmp/CheckSymbolExists.c:
/* */
#include <pthread.h>

int main(int argc, char** argv)
{
  (void)argv;
#ifndef pthread_create
  return ((int*)(&pthread_create))[argc];
#else
  (void)argc;
  return 0;
#endif
}

Determining if the function pthread_create exists in the pthreads failed with the following output:
Change Dir: /home/leather/leather_repertory/leather_tests/opencv_test/cuda_orb/build/CMakeFiles/CMakeTmp

Run Build Command:"/usr/bin/make" "cmTC_57ff0/fast"
/usr/bin/make -f CMakeFiles/cmTC_57ff0.dir/build.make CMakeFiles/cmTC_57ff0.dir/build
make[1]: 正在进入目录 `/home/leather/leather_repertory/leather_tests/opencv_test/cuda_orb/build/CMakeFiles/CMakeTmp'
Building C object CMakeFiles/cmTC_57ff0.dir/CheckFunctionExists.c.o
/usr/bin/cc    -fPIC -DCHECK_FUNCTION_EXISTS=pthread_create   -o CMakeFiles/cmTC_57ff0.dir/CheckFunctionExists.c.o   -c /usr/local/share/cmake-3.7/Modules/CheckFunctionExists.c
Linking C executable cmTC_57ff0
/usr/local/bin/cmake -E cmake_link_script CMakeFiles/cmTC_57ff0.dir/link.txt --verbose=1
/usr/bin/cc  -fPIC -DCHECK_FUNCTION_EXISTS=pthread_create    CMakeFiles/cmTC_57ff0.dir/CheckFunctionExists.c.o  -o cmTC_57ff0 -rdynamic -lpthreads 
/usr/bin/ld: 找不到 -lpthreads
collect2: error: ld returned 1 exit status
make[1]: *** [cmTC_57ff0] 错误 1
make[1]:正在离开目录 `/home/leather/leather_repertory/leather_tests/opencv_test/cuda_orb/build/CMakeFiles/CMakeTmp'
make: *** [cmTC_57ff0/fast] 错误 2


