Determining if the pthread_create exist failed with the following output:
Change Dir: /home/leather/lxdata/leather_repertory/leather_tests/opencv_test/histogram_equalization/build/CMakeFiles/CMakeTmp

Run Build Command:"/usr/bin/make" "cmTC_e9b22/fast"
make[1]: 正在进入目录 `/home/leather/lxdata/leather_repertory/leather_tests/opencv_test/histogram_equalization/build/CMakeFiles/CMakeTmp'
/usr/bin/make -f CMakeFiles/cmTC_e9b22.dir/build.make CMakeFiles/cmTC_e9b22.dir/build
make[2]: 正在进入目录 `/home/leather/lxdata/leather_repertory/leather_tests/opencv_test/histogram_equalization/build/CMakeFiles/CMakeTmp'
Building C object CMakeFiles/cmTC_e9b22.dir/CheckSymbolExists.c.o
/usr/bin/cc    -o CMakeFiles/cmTC_e9b22.dir/CheckSymbolExists.c.o   -c /home/leather/lxdata/leather_repertory/leather_tests/opencv_test/histogram_equalization/build/CMakeFiles/CMakeTmp/CheckSymbolExists.c
Linking C executable cmTC_e9b22
/usr/local/bin/cmake -E cmake_link_script CMakeFiles/cmTC_e9b22.dir/link.txt --verbose=1
/usr/bin/cc      -rdynamic CMakeFiles/cmTC_e9b22.dir/CheckSymbolExists.c.o  -o cmTC_e9b22 
CMakeFiles/cmTC_e9b22.dir/CheckSymbolExists.c.o：在函数‘main’中：
CheckSymbolExists.c:(.text+0x16)：对‘pthread_create’未定义的引用
collect2: error: ld returned 1 exit status
make[2]: *** [cmTC_e9b22] 错误 1
make[2]:正在离开目录 `/home/leather/lxdata/leather_repertory/leather_tests/opencv_test/histogram_equalization/build/CMakeFiles/CMakeTmp'
make[1]: *** [cmTC_e9b22/fast] 错误 2
make[1]:正在离开目录 `/home/leather/lxdata/leather_repertory/leather_tests/opencv_test/histogram_equalization/build/CMakeFiles/CMakeTmp'

File /home/leather/lxdata/leather_repertory/leather_tests/opencv_test/histogram_equalization/build/CMakeFiles/CMakeTmp/CheckSymbolExists.c:
/* */
#include <pthread.h>

int main(int argc, char** argv)
{
  (void)argv;
#ifndef pthread_create
  return ((int*)(&pthread_create))[argc];
#else
  (void)argc;
  return 0;
#endif
}

Determining if the function pthread_create exists in the pthreads failed with the following output:
Change Dir: /home/leather/lxdata/leather_repertory/leather_tests/opencv_test/histogram_equalization/build/CMakeFiles/CMakeTmp

Run Build Command:"/usr/bin/make" "cmTC_70a02/fast"
make[1]: 正在进入目录 `/home/leather/lxdata/leather_repertory/leather_tests/opencv_test/histogram_equalization/build/CMakeFiles/CMakeTmp'
/usr/bin/make -f CMakeFiles/cmTC_70a02.dir/build.make CMakeFiles/cmTC_70a02.dir/build
make[2]: 正在进入目录 `/home/leather/lxdata/leather_repertory/leather_tests/opencv_test/histogram_equalization/build/CMakeFiles/CMakeTmp'
Building C object CMakeFiles/cmTC_70a02.dir/CheckFunctionExists.c.o
/usr/bin/cc   -DCHECK_FUNCTION_EXISTS=pthread_create   -o CMakeFiles/cmTC_70a02.dir/CheckFunctionExists.c.o   -c /usr/local/share/cmake-3.13/Modules/CheckFunctionExists.c
Linking C executable cmTC_70a02
/usr/local/bin/cmake -E cmake_link_script CMakeFiles/cmTC_70a02.dir/link.txt --verbose=1
/usr/bin/cc  -DCHECK_FUNCTION_EXISTS=pthread_create    -rdynamic CMakeFiles/cmTC_70a02.dir/CheckFunctionExists.c.o  -o cmTC_70a02 -lpthreads 
/usr/bin/ld: 找不到 -lpthreads
collect2: error: ld returned 1 exit status
make[2]: *** [cmTC_70a02] 错误 1
make[2]:正在离开目录 `/home/leather/lxdata/leather_repertory/leather_tests/opencv_test/histogram_equalization/build/CMakeFiles/CMakeTmp'
make[1]: *** [cmTC_70a02/fast] 错误 2
make[1]:正在离开目录 `/home/leather/lxdata/leather_repertory/leather_tests/opencv_test/histogram_equalization/build/CMakeFiles/CMakeTmp'


